<?xml version="1.0" encoding="UTF-8"?>
<robot generator="Robot 6.0.2 (Python 3.11.2 on win32)" generated="20231230 22:08:24.890" rpa="false" schemaversion="3">
<suite id="s1" name="Cadastro" source="c:\CursoUdemy\RobotFramework\Loja\resources\testes\cadastro.robot">
<test id="s1-t1" name="Caso de teste 1 - Teste de Cadastro" line="13">
<kw name="Abrir o navegador" library="loja_resources" type="SETUP">
<kw name="Open Browser" library="SeleniumLibrary">
<arg>browser=chrome</arg>
<arg>options=add_experimental_option("detach", True)</arg>
<doc>Opens a new browser instance to the optional ``url``.</doc>
<msg timestamp="20231230 22:08:26.195" level="INFO">Opening browser 'chrome' to base url 'None'.</msg>
<status status="PASS" starttime="20231230 22:08:26.194" endtime="20231230 22:08:27.865"/>
</kw>
<kw name="Maximize Browser Window" library="SeleniumLibrary">
<doc>Maximizes current browser window.</doc>
<status status="PASS" starttime="20231230 22:08:27.865" endtime="20231230 22:08:28.032"/>
</kw>
<status status="PASS" starttime="20231230 22:08:26.194" endtime="20231230 22:08:28.033"/>
</kw>
<kw name="Acessar home do Ferraz Racing" library="loja_resources">
<kw name="Go To" library="SeleniumLibrary">
<arg>url=${url}</arg>
<doc>Navigates the current browser window to the provided ``url``.</doc>
<msg timestamp="20231230 22:08:28.038" level="INFO">Opening url 'http://lojavirtual.alterdata.com.br/prime10/'</msg>
<msg timestamp="20231230 22:09:11.477" level="INFO" html="true">&lt;/td&gt;&lt;/tr&gt;&lt;tr&gt;&lt;td colspan="3"&gt;&lt;a href="selenium-screenshot-22.png"&gt;&lt;img src="selenium-screenshot-22.png" width="800px"&gt;&lt;/a&gt;</msg>
<msg timestamp="20231230 22:09:11.477" level="FAIL">WebDriverException: Message: unknown error: net::ERR_CONNECTION_TIMED_OUT
  (Session info: chrome=120.0.6099.129)
Stacktrace:
	GetHandleVerifier [0x00007FF7F71682B2+55298]
	(No symbol) [0x00007FF7F70D5E02]
	(No symbol) [0x00007FF7F6F905AB]
	(No symbol) [0x00007FF7F6F8C353]
	(No symbol) [0x00007FF7F6F7F4CC]
	(No symbol) [0x00007FF7F6F80714]
	(No symbol) [0x00007FF7F6F7F8DF]
	(No symbol) [0x00007FF7F6F7E803]
	(No symbol) [0x00007FF7F6F7E7A8]
	(No symbol) [0x00007FF7F6F7CF0E]
	(No symbol) [0x00007FF7F6F7D803]
	(No symbol) [0x00007FF7F6F929BF]
	(No symbol) [0x00007FF7F700AE27]
	(No symbol) [0x00007FF7F6FF20AA]
	(No symbol) [0x00007FF7F700AAA4]
	(No symbol) [0x00007FF7F6FF1E83]
	(No symbol) [0x00007FF7F6FC670A]
	(No symbol) [0x00007FF7F6FC7964]
	GetHandleVerifier [0x00007FF7F74E0AAB+3694587]
	GetHandleVerifier [0x00007FF7F753728E+4048862]
	GetHandleVerifier [0x00007FF7F752F173+4015811]
	GetHandleVerifier [0x00007FF7F72047D6+695590]
	(No symbol) [0x00007FF7F70E0CE8]
	(No symbol) [0x00007FF7F70DCF34]
	(No symbol) [0x00007FF7F70DD062]
	(No symbol) [0x00007FF7F70CD3A3]
	BaseThreadInitThunk [0x00007FFED1897614+20]
	RtlUserThreadStart [0x00007FFED36026F1+33]
</msg>
<status status="FAIL" starttime="20231230 22:08:28.037" endtime="20231230 22:09:11.482"/>
</kw>
<status status="FAIL" starttime="20231230 22:08:28.036" endtime="20231230 22:09:11.483"/>
</kw>
<kw name="Realizar cadastro de usuário" library="loja_resources">
<status status="NOT RUN" starttime="20231230 22:09:11.485" endtime="20231230 22:09:11.485"/>
</kw>
<doc>Este teste realiza o cadastro e validação do usuário
</doc>
<tag>cadastro_usuario</tag>
<status status="FAIL" starttime="20231230 22:08:26.192" endtime="20231230 22:09:11.486">WebDriverException: Message: unknown error: net::ERR_CONNECTION_TIMED_OUT
  (Session info: chrome=120.0.6099.129)
Stacktrace:
	GetHandleVerifier [0x00007FF7F71682B2+55298]
	(No symbol) [0x00007FF7F70D5E02]
	(No symbol) [0x00007FF7F6F905AB]
	(No symbol) [0x00007FF7F6F8C353]
	(No symbol) [0x00007FF7F6F7F4CC]
	(No symbol) [0x00007FF7F6F80714]
	(No symbol) [0x00007FF7F6F7F8DF]
	(No symbol) [0x00007FF7F6F7E803]
	(No symbol) [0x00007FF7F6F7E7A8]
	(No symbol) [0x00007FF7F6F7CF0E]
	(No symbol) [0x00007FF7F6F7D803]
	(No symbol) [0x00007FF7F6F929BF]
	(No symbol) [0x00007FF7F700AE27]
	(No symbol) [0x00007FF7F6FF20AA]
	(No symbol) [0x00007FF7F700AAA4]
	(No symbol) [0x00007FF7F6FF1E83]
	(No symbol) [0x00007FF7F6FC670A]
	(No symbol) [0x00007FF7F6FC7964]
	GetHandleVerifier [0x00007FF7F74E0AAB+3694587]
	GetHandleVerifier [0x00007FF7F753728E+4048862]
	GetHandleVerifier [0x00007FF7F752F173+4015811]
	GetHandleVerifier [0x00007FF7F72047D6+695590]
	(No symbol) [0x00007FF7F70E0CE8]
	(No symbol) [0x00007FF7F70DCF34]
	(No symbol) [0x00007FF7F70DD062]
	(No symbol) [0x00007FF7F70CD3A3]
	BaseThreadInitThunk [0x00007FFED1897614+20]
	RtlUserThreadStart [0x00007FFED36026F1+33]
</status>
</test>
<doc>Essa suite testa o site da e-commerce TF Racing</doc>
<status status="FAIL" starttime="20231230 22:08:24.900" endtime="20231230 22:09:11.492"/>
</suite>
<statistics>
<total>
<stat pass="0" fail="1" skip="0">All Tests</stat>
</total>
<tag>
<stat pass="0" fail="1" skip="0">cadastro_usuario</stat>
</tag>
<suite>
<stat pass="0" fail="1" skip="0" id="s1" name="Cadastro">Cadastro</stat>
</suite>
</statistics>
<errors>
</errors>
</robot>
